C51 COMPILER V9.01   DEMO                                                                  06/02/2017 22:10:08 PAGE 1   


C51 COMPILER V9.01, COMPILATION OF MODULE DEMO
OBJECT MODULE PLACED IN demo.OBJ
COMPILER INVOKED BY: D:\软件\源文件\keil 开发软件\keil 4\C51\BIN\C51.EXE demo.c BROWSE DEBUG OBJECTEXTEND

line level    source

   1          #include "Globle.h"
   2          #include "KeyScan.h"
   3          #include "Led.h"
   4          #include "Lcd.h"
   5          #include "Beep.h"
   6          #include "STC15.h"
   7          #include "SN74LS595.h"
   8          
   9          void main()
  10          {
  11   1          wei10=0;
  12   1          LED=0;
  13   1      //      Beep(1);
  14   1      //      Beep(2);
  15   1                  ShowWei(0);
  16   1                      DataSend(0xff);
  17   1      while(1)
  18   1              {
  19   2      //      LedMode(1);
  20   2      //      KeyScan();
  21   2      //      Test(); 
  22   2      
  23   2      
  24   2              }
  25   1      }
  26          


MODULE INFORMATION:   STATIC OVERLAYABLE
   CODE SIZE        =     16    ----
   CONSTANT SIZE    =   ----    ----
   XDATA SIZE       =   ----    ----
   PDATA SIZE       =   ----    ----
   DATA SIZE        =   ----    ----
   IDATA SIZE       =   ----    ----
   BIT SIZE         =   ----    ----
END OF MODULE INFORMATION.


C51 COMPILATION COMPLETE.  0 WARNING(S),  0 ERROR(S)
