C51 COMPILER V9.01   LCD                                                                   06/02/2017 22:09:44 PAGE 1   


C51 COMPILER V9.01, COMPILATION OF MODULE LCD
OBJECT MODULE PLACED IN Lcd.OBJ
COMPILER INVOKED BY: D:\软件\源文件\keil 开发软件\keil 4\C51\BIN\C51.EXE Lcd.c BROWSE DEBUG OBJECTEXTEND

line level    source

   1          #include "Lcd.h"
   2          #include "SN74LS595.h"
   3          #include "Globle.h"
   4          
   5          
   6          unsigned char code sm_d[]={     //yin
   7          0x3f,0x06,0x5b,0x4f,            //0 1 2 3
   8          0x66,0x6d,0x7d,0x07,            //4 5 6 7
   9          0x7f,0x6f,0x77,0x7c,            //8 9 A b
  10          0x39,0x5e,0x79,0x71,            //C d E F
  11          0x80};
  12          
  13          
  14          void ShowWei(unchar wei)
  15          {
  16   1              wei10=0;
  17   1              switch(wei)
  18   1              {
  19   2                      case 0: WeiD=0;WeiC=0;WeiB=0;WeiA=0;break;      //wei0
  20   2                      case 1: WeiD=0;WeiC=0;WeiB=0;WeiA=1;break;
  21   2                      case 2: WeiD=0;WeiC=0;WeiB=1;WeiA=0;break;
  22   2                      case 3: WeiD=0;WeiC=0;WeiB=1;WeiA=1;break;
  23   2                      case 4: WeiD=0;WeiC=1;WeiB=0;WeiA=0;break;
  24   2                      case 5: WeiD=0;WeiC=1;WeiB=0;WeiA=1;break;
  25   2                      case 6: WeiD=0;WeiC=1;WeiB=1;WeiA=0;break;
  26   2                      case 7: WeiD=0;WeiC=1;WeiB=1;WeiA=1;break;
  27   2                      case 8: WeiD=1;WeiC=0;WeiB=0;WeiA=0;break;
  28   2                      case 9: WeiD=1;WeiC=0;WeiB=0;WeiA=1;break;
  29   2                      case 10:WeiD=1;WeiC=1;WeiB=1;WeiA=1;wei10=1;break;      
  30   2                      default:break;
  31   2              }
  32   1      
  33   1      }
  34          
  35          /*
  36          void ShowData(unchar dat)
  37          {
  38                  DataSend(dat);
  39          }
  40                  高级功能扩展
  41          */
  42          void Test()
  43          {
  44   1              unchar i=0;
  45   1              for(i;i<11;i++)
  46   1              {               
  47   2                      DataSend(0);    //消影
  48   2                      ShowWei(i);
  49   2                      DataSend(sm_d[i]);
  50   2                      if(i==10) i=0;
  51   2              }
  52   1      }


MODULE INFORMATION:   STATIC OVERLAYABLE
C51 COMPILER V9.01   LCD                                                                   06/02/2017 22:09:44 PAGE 2   

   CODE SIZE        =    168    ----
   CONSTANT SIZE    =     17    ----
   XDATA SIZE       =   ----    ----
   PDATA SIZE       =   ----    ----
   DATA SIZE        =   ----       1
   IDATA SIZE       =   ----    ----
   BIT SIZE         =   ----    ----
END OF MODULE INFORMATION.


C51 COMPILATION COMPLETE.  0 WARNING(S),  0 ERROR(S)
