C51 COMPILER V9.01   LED                                                                   06/02/2017 22:09:45 PAGE 1   


C51 COMPILER V9.01, COMPILATION OF MODULE LED
OBJECT MODULE PLACED IN LED.OBJ
COMPILER INVOKED BY: D:\软件\源文件\keil 开发软件\keil 4\C51\BIN\C51.EXE LED.c BROWSE DEBUG OBJECTEXTEND

line level    source

   1          #include "LED.h"
   2          #include "Globle.h"
   3          #include "SN74LS595.h"
   4          
   5          
   6          
   7          void LedMode(unchar mode)  //1 为输出,2为 米,3为码
   8          {
   9   1              ledI = 1; 
  10   1              if(mode == 1)   DataSend(0x80);
  11   1              if(mode == 2)   DataSend(0x40);
  12   1              if(mode == 2)   DataSend(0x20);
  13   1      }


MODULE INFORMATION:   STATIC OVERLAYABLE
   CODE SIZE        =     35    ----
   CONSTANT SIZE    =   ----    ----
   XDATA SIZE       =   ----    ----
   PDATA SIZE       =   ----    ----
   DATA SIZE        =   ----       1
   IDATA SIZE       =   ----    ----
   BIT SIZE         =   ----    ----
END OF MODULE INFORMATION.


C51 COMPILATION COMPLETE.  0 WARNING(S),  0 ERROR(S)
